1. 调试: >> 操作时间: 1/18/2017 12:10:46 AM   操作人: System（超级管理员） 
2. 地址: /Detail/index.js.map    
3. 类名: LeaRun.Application.Web.Controllers.DefaultController 
4. 主机: WL00070355.active.local   Ip  : 192.168.1.7   浏览器: Chrome 55.0    
5. 异常: Object reference not set to an instance of an object.
-----------------------------------------------------------------------------------------------------------------------------
1. 调试: >> 操作时间: 1/18/2017 12:10:46 AM   操作人: System（超级管理员） 
2. 地址: /Detail/index.js.map    
3. 类名: LeaRun.Application.Web.Controllers.DefaultController 
4. 主机: WL00070355.active.local   Ip  : 192.168.1.7   浏览器: Chrome 55.0    
5. 异常: Object reference not set to an instance of an object.
-----------------------------------------------------------------------------------------------------------------------------
1. 调试: >> 操作时间: 1/18/2017 12:11:36 AM   操作人: System（超级管理员） 
2. 地址: /Detail/index.js.map    
3. 类名: LeaRun.Application.Web.Controllers.DefaultController 
4. 主机: WL00070355.active.local   Ip  : 192.168.1.7   浏览器: Chrome 55.0    
5. 异常: Object reference not set to an instance of an object.
-----------------------------------------------------------------------------------------------------------------------------
1. 调试: >> 操作时间: 1/18/2017 12:11:37 AM   操作人: System（超级管理员） 
2. 地址: /Detail/index.js.map    
3. 类名: LeaRun.Application.Web.Controllers.DefaultController 
4. 主机: WL00070355.active.local   Ip  : 192.168.1.7   浏览器: Chrome 55.0    
5. 异常: Object reference not set to an instance of an object.
-----------------------------------------------------------------------------------------------------------------------------
1. 调试: >> 操作时间: 1/18/2017 12:11:37 AM   操作人: System（超级管理员） 
2. 地址: /Detail/index.js.map    
3. 类名: LeaRun.Application.Web.Controllers.DefaultController 
4. 主机: WL00070355.active.local   Ip  : 192.168.1.7   浏览器: Chrome 55.0    
5. 异常: Object reference not set to an instance of an object.
-----------------------------------------------------------------------------------------------------------------------------
1. 调试: >> 操作时间: 1/18/2017 12:13:24 AM   操作人: System（超级管理员） 
2. 地址: /Detail/index.js.map    
3. 类名: LeaRun.Application.Web.Controllers.DefaultController 
4. 主机: WL00070355.active.local   Ip  : 192.168.1.7   浏览器: Chrome 55.0    
5. 异常: Object reference not set to an instance of an object.
-----------------------------------------------------------------------------------------------------------------------------
1. 调试: >> 操作时间: 1/18/2017 12:13:24 AM   操作人: System（超级管理员） 
2. 地址: /Detail/index.js.map    
3. 类名: LeaRun.Application.Web.Controllers.DefaultController 
4. 主机: WL00070355.active.local   Ip  : 192.168.1.7   浏览器: Chrome 55.0    
5. 异常: Object reference not set to an instance of an object.
-----------------------------------------------------------------------------------------------------------------------------
1. 调试: >> 操作时间: 1/18/2017 12:13:24 AM   操作人: System（超级管理员） 
2. 地址: /Detail/index.js.map    
3. 类名: LeaRun.Application.Web.Controllers.DefaultController 
4. 主机: WL00070355.active.local   Ip  : 192.168.1.7   浏览器: Chrome 55.0    
5. 异常: Object reference not set to an instance of an object.
-----------------------------------------------------------------------------------------------------------------------------
1. 调试: >> 操作时间: 1/18/2017 12:15:02 AM   操作人: System（超级管理员） 
2. 地址: /Detail/index.js.map    
3. 类名: LeaRun.Application.Web.Controllers.DefaultController 
4. 主机: WL00070355.active.local   Ip  : 192.168.1.7   浏览器: Safari 9.0    
5. 异常: Object reference not set to an instance of an object.
-----------------------------------------------------------------------------------------------------------------------------
1. 调试: >> 操作时间: 1/18/2017 12:15:02 AM   操作人: System（超级管理员） 
2. 地址: /Detail/index.js.map    
3. 类名: LeaRun.Application.Web.Controllers.DefaultController 
4. 主机: WL00070355.active.local   Ip  : 192.168.1.7   浏览器: Safari 9.0    
5. 异常: Object reference not set to an instance of an object.
-----------------------------------------------------------------------------------------------------------------------------
1. 调试: >> 操作时间: 1/18/2017 12:17:06 AM   操作人: System（超级管理员） 
2. 地址: /Detail/index.js.map    
3. 类名: LeaRun.Application.Web.Controllers.DefaultController 
4. 主机: WL00070355.active.local   Ip  : 192.168.1.7   浏览器: Chrome 55.0    
5. 异常: Object reference not set to an instance of an object.
-----------------------------------------------------------------------------------------------------------------------------
1. 调试: >> 操作时间: 1/18/2017 12:17:06 AM   操作人: System（超级管理员） 
2. 地址: /Detail/index.js.map    
3. 类名: LeaRun.Application.Web.Controllers.DefaultController 
4. 主机: WL00070355.active.local   Ip  : 192.168.1.7   浏览器: Chrome 55.0    
5. 异常: Object reference not set to an instance of an object.
-----------------------------------------------------------------------------------------------------------------------------
1. 调试: >> 操作时间: 1/18/2017 12:17:06 AM   操作人: System（超级管理员） 
2. 地址: /Detail/index.js.map    
3. 类名: LeaRun.Application.Web.Controllers.DefaultController 
4. 主机: WL00070355.active.local   Ip  : 192.168.1.7   浏览器: Chrome 55.0    
5. 异常: Object reference not set to an instance of an object.
-----------------------------------------------------------------------------------------------------------------------------
1. 调试: >> 操作时间: 1/18/2017 12:18:23 AM   操作人: System（超级管理员） 
2. 地址: /Detail/index.js.map    
3. 类名: LeaRun.Application.Web.Controllers.DefaultController 
4. 主机: WL00070355.active.local   Ip  : 192.168.1.7   浏览器: Chrome 55.0    
5. 异常: Object reference not set to an instance of an object.
-----------------------------------------------------------------------------------------------------------------------------
1. 调试: >> 操作时间: 1/18/2017 12:18:23 AM   操作人: System（超级管理员） 
2. 地址: /Detail/index.js.map    
3. 类名: LeaRun.Application.Web.Controllers.DefaultController 
4. 主机: WL00070355.active.local   Ip  : 192.168.1.7   浏览器: Chrome 55.0    
5. 异常: Object reference not set to an instance of an object.
-----------------------------------------------------------------------------------------------------------------------------
1. 调试: >> 操作时间: 1/18/2017 12:18:23 AM   操作人: System（超级管理员） 
2. 地址: /Detail/index.js.map    
3. 类名: LeaRun.Application.Web.Controllers.DefaultController 
4. 主机: WL00070355.active.local   Ip  : 192.168.1.7   浏览器: Chrome 55.0    
5. 异常: Object reference not set to an instance of an object.
-----------------------------------------------------------------------------------------------------------------------------
1. 调试: >> 操作时间: 1/18/2017 12:18:46 AM   操作人: System（超级管理员） 
2. 地址: /Detail/index.js.map    
3. 类名: LeaRun.Application.Web.Controllers.DefaultController 
4. 主机: WL00070355.active.local   Ip  : 192.168.1.7   浏览器: Chrome 55.0    
5. 异常: Object reference not set to an instance of an object.
-----------------------------------------------------------------------------------------------------------------------------
1. 调试: >> 操作时间: 1/18/2017 12:18:46 AM   操作人: System（超级管理员） 
2. 地址: /Detail/index.js.map    
3. 类名: LeaRun.Application.Web.Controllers.DefaultController 
4. 主机: WL00070355.active.local   Ip  : 192.168.1.7   浏览器: Chrome 55.0    
5. 异常: Object reference not set to an instance of an object.
-----------------------------------------------------------------------------------------------------------------------------
1. 调试: >> 操作时间: 1/18/2017 12:18:47 AM   操作人: System（超级管理员） 
2. 地址: /Detail/index.js.map    
3. 类名: LeaRun.Application.Web.Controllers.DefaultController 
4. 主机: WL00070355.active.local   Ip  : 192.168.1.7   浏览器: Chrome 55.0    
5. 异常: Object reference not set to an instance of an object.
-----------------------------------------------------------------------------------------------------------------------------
1. 调试: >> 操作时间: 1/18/2017 12:19:03 AM   操作人: System（超级管理员） 
2. 地址: /Detail/index.js.map    
3. 类名: LeaRun.Application.Web.Controllers.DefaultController 
4. 主机: WL00070355.active.local   Ip  : 192.168.1.7   浏览器: Chrome 55.0    
5. 异常: Object reference not set to an instance of an object.
-----------------------------------------------------------------------------------------------------------------------------
1. 调试: >> 操作时间: 1/18/2017 12:19:03 AM   操作人: System（超级管理员） 
2. 地址: /Detail/index.js.map    
3. 类名: LeaRun.Application.Web.Controllers.DefaultController 
4. 主机: WL00070355.active.local   Ip  : 192.168.1.7   浏览器: Chrome 55.0    
5. 异常: Object reference not set to an instance of an object.
-----------------------------------------------------------------------------------------------------------------------------
1. 调试: >> 操作时间: 1/18/2017 12:19:03 AM   操作人: System（超级管理员） 
2. 地址: /Detail/index.js.map    
3. 类名: LeaRun.Application.Web.Controllers.DefaultController 
4. 主机: WL00070355.active.local   Ip  : 192.168.1.7   浏览器: Chrome 55.0    
5. 异常: Object reference not set to an instance of an object.
-----------------------------------------------------------------------------------------------------------------------------
1. 调试: >> 操作时间: 1/18/2017 12:21:23 AM   操作人: System（超级管理员） 
2. 地址: /Detail/index.js.map    
3. 类名: LeaRun.Application.Web.Controllers.DefaultController 
4. 主机: WL00070355.active.local   Ip  : 192.168.1.7   浏览器: Chrome 55.0    
5. 异常: Object reference not set to an instance of an object.
-----------------------------------------------------------------------------------------------------------------------------
1. 调试: >> 操作时间: 1/18/2017 12:21:23 AM   操作人: System（超级管理员） 
2. 地址: /Detail/index.js.map    
3. 类名: LeaRun.Application.Web.Controllers.DefaultController 
4. 主机: WL00070355.active.local   Ip  : 192.168.1.7   浏览器: Chrome 55.0    
5. 异常: Object reference not set to an instance of an object.
-----------------------------------------------------------------------------------------------------------------------------
1. 调试: >> 操作时间: 1/18/2017 12:21:23 AM   操作人: System（超级管理员） 
2. 地址: /Detail/index.js.map    
3. 类名: LeaRun.Application.Web.Controllers.DefaultController 
4. 主机: WL00070355.active.local   Ip  : 192.168.1.7   浏览器: Chrome 55.0    
5. 异常: Object reference not set to an instance of an object.
-----------------------------------------------------------------------------------------------------------------------------
1. 调试: >> 操作时间: 1/18/2017 12:22:35 AM   操作人: System（超级管理员） 
2. 地址: /Detail/index.js.map    
3. 类名: LeaRun.Application.Web.Controllers.DefaultController 
4. 主机: WL00070355.active.local   Ip  : 192.168.1.7   浏览器: Chrome 55.0    
5. 异常: Object reference not set to an instance of an object.
-----------------------------------------------------------------------------------------------------------------------------
1. 调试: >> 操作时间: 1/18/2017 12:22:35 AM   操作人: System（超级管理员） 
2. 地址: /Detail/index.js.map    
3. 类名: LeaRun.Application.Web.Controllers.DefaultController 
4. 主机: WL00070355.active.local   Ip  : 192.168.1.7   浏览器: Chrome 55.0    
5. 异常: Object reference not set to an instance of an object.
-----------------------------------------------------------------------------------------------------------------------------
1. 调试: >> 操作时间: 1/18/2017 12:22:35 AM   操作人: System（超级管理员） 
2. 地址: /Detail/index.js.map    
3. 类名: LeaRun.Application.Web.Controllers.DefaultController 
4. 主机: WL00070355.active.local   Ip  : 192.168.1.7   浏览器: Chrome 55.0    
5. 异常: Object reference not set to an instance of an object.
-----------------------------------------------------------------------------------------------------------------------------
1. 调试: >> 操作时间: 1/18/2017 12:25:22 AM   操作人: System（超级管理员） 
2. 地址: /Detail/index.js.map    
3. 类名: LeaRun.Application.Web.Controllers.DefaultController 
4. 主机: WL00070355.active.local   Ip  : 192.168.1.7   浏览器: Chrome 55.0    
5. 异常: Object reference not set to an instance of an object.
-----------------------------------------------------------------------------------------------------------------------------
1. 调试: >> 操作时间: 1/18/2017 12:25:22 AM   操作人: System（超级管理员） 
2. 地址: /Detail/index.js.map    
3. 类名: LeaRun.Application.Web.Controllers.DefaultController 
4. 主机: WL00070355.active.local   Ip  : 192.168.1.7   浏览器: Chrome 55.0    
5. 异常: Object reference not set to an instance of an object.
-----------------------------------------------------------------------------------------------------------------------------
1. 调试: >> 操作时间: 1/18/2017 12:25:22 AM   操作人: System（超级管理员） 
2. 地址: /Detail/index.js.map    
3. 类名: LeaRun.Application.Web.Controllers.DefaultController 
4. 主机: WL00070355.active.local   Ip  : 192.168.1.7   浏览器: Chrome 55.0    
5. 异常: Object reference not set to an instance of an object.
-----------------------------------------------------------------------------------------------------------------------------
1. 调试: >> 操作时间: 1/18/2017 12:25:45 AM   操作人: System（超级管理员） 
2. 地址: /Detail/index.js.map    
3. 类名: LeaRun.Application.Web.Controllers.DefaultController 
4. 主机: WL00070355.active.local   Ip  : 192.168.1.7   浏览器: Chrome 55.0    
5. 异常: Object reference not set to an instance of an object.
-----------------------------------------------------------------------------------------------------------------------------
1. 调试: >> 操作时间: 1/18/2017 12:25:46 AM   操作人: System（超级管理员） 
2. 地址: /Detail/index.js.map    
3. 类名: LeaRun.Application.Web.Controllers.DefaultController 
4. 主机: WL00070355.active.local   Ip  : 192.168.1.7   浏览器: Chrome 55.0    
5. 异常: Object reference not set to an instance of an object.
-----------------------------------------------------------------------------------------------------------------------------
1. 调试: >> 操作时间: 1/18/2017 12:25:46 AM   操作人: System（超级管理员） 
2. 地址: /Detail/index.js.map    
3. 类名: LeaRun.Application.Web.Controllers.DefaultController 
4. 主机: WL00070355.active.local   Ip  : 192.168.1.7   浏览器: Chrome 55.0    
5. 异常: Object reference not set to an instance of an object.
-----------------------------------------------------------------------------------------------------------------------------
1. 调试: >> 操作时间: 1/18/2017 12:25:59 AM   操作人: System（超级管理员） 
2. 地址: /Detail/index.js.map    
3. 类名: LeaRun.Application.Web.Controllers.DefaultController 
4. 主机: WL00070355.active.local   Ip  : 192.168.1.7   浏览器: Safari 9.0    
5. 异常: Object reference not set to an instance of an object.
-----------------------------------------------------------------------------------------------------------------------------
1. 调试: >> 操作时间: 1/18/2017 12:25:59 AM   操作人: System（超级管理员） 
2. 地址: /Detail/index.js.map    
3. 类名: LeaRun.Application.Web.Controllers.DefaultController 
4. 主机: WL00070355.active.local   Ip  : 192.168.1.7   浏览器: Safari 9.0    
5. 异常: Object reference not set to an instance of an object.
-----------------------------------------------------------------------------------------------------------------------------
1. 调试: >> 操作时间: 1/18/2017 12:26:01 AM   操作人: System（超级管理员） 
2. 地址: /Detail/index.js.map    
3. 类名: LeaRun.Application.Web.Controllers.DefaultController 
4. 主机: WL00070355.active.local   Ip  : 192.168.1.7   浏览器: Safari 9.0    
5. 异常: Object reference not set to an instance of an object.
-----------------------------------------------------------------------------------------------------------------------------
1. 调试: >> 操作时间: 1/18/2017 12:26:01 AM   操作人: System（超级管理员） 
2. 地址: /Detail/index.js.map    
3. 类名: LeaRun.Application.Web.Controllers.DefaultController 
4. 主机: WL00070355.active.local   Ip  : 192.168.1.7   浏览器: Safari 9.0    
5. 异常: Object reference not set to an instance of an object.
-----------------------------------------------------------------------------------------------------------------------------
1. 调试: >> 操作时间: 1/18/2017 12:26:07 AM   操作人: System（超级管理员） 
2. 地址: /Detail/index.js.map    
3. 类名: LeaRun.Application.Web.Controllers.DefaultController 
4. 主机: WL00070355.active.local   Ip  : 192.168.1.7   浏览器: Chrome 55.0    
5. 异常: Object reference not set to an instance of an object.
-----------------------------------------------------------------------------------------------------------------------------
1. 调试: >> 操作时间: 1/18/2017 12:26:07 AM   操作人: System（超级管理员） 
2. 地址: /Detail/index.js.map    
3. 类名: LeaRun.Application.Web.Controllers.DefaultController 
4. 主机: WL00070355.active.local   Ip  : 192.168.1.7   浏览器: Chrome 55.0    
5. 异常: Object reference not set to an instance of an object.
-----------------------------------------------------------------------------------------------------------------------------
1. 调试: >> 操作时间: 1/18/2017 12:30:16 AM   操作人: System（超级管理员） 
2. 地址: /Detail/index.js.map    
3. 类名: LeaRun.Application.Web.Controllers.DefaultController 
4. 主机: WL00070355.active.local   Ip  : 192.168.1.7   浏览器: Chrome 55.0    
5. 异常: Object reference not set to an instance of an object.
-----------------------------------------------------------------------------------------------------------------------------
