1. 调试: >> 操作时间: 2/6/2017 1:31:14 PM   操作人: System（超级管理员） 
2. 地址: /ExtendManage/Books/UploadFile    
3. 类名: LeaRun.Application.Web.Areas.ExtendManage.Controllers.BooksController 
4. 主机: WL00070355.active.local   Ip  : 10.110.12.27   浏览器: Chrome 55.0    
5. 异常: Index was out of range. Must be non-negative and less than the size of the collection.
Parameter name: index
-----------------------------------------------------------------------------------------------------------------------------
1. 调试: >> 操作时间: 2/6/2017 1:31:14 PM   操作人: System（超级管理员） 
2. 地址: /ExtendManage/Books/UploadFile    
3. 类名: LeaRun.Application.Web.Areas.ExtendManage.Controllers.BooksController 
4. 主机: WL00070355.active.local   Ip  : 10.110.12.27   浏览器: Chrome 55.0    
5. 异常: Index was out of range. Must be non-negative and less than the size of the collection.
Parameter name: index
-----------------------------------------------------------------------------------------------------------------------------
1. 调试: >> 操作时间: 2/6/2017 1:32:41 PM   操作人: System（超级管理员） 
2. 地址: /ExtendManage/Books/UploadFile    
3. 类名: LeaRun.Application.Web.Areas.ExtendManage.Controllers.BooksController 
4. 主机: WL00070355.active.local   Ip  : 10.110.12.27   浏览器: Chrome 55.0    
5. 异常: Index was out of range. Must be non-negative and less than the size of the collection.
Parameter name: index
-----------------------------------------------------------------------------------------------------------------------------
1. 调试: >> 操作时间: 2/6/2017 1:36:01 PM   操作人: System（超级管理员） 
2. 地址: /ExtendManage/Books/UploadFile    
3. 类名: LeaRun.Application.Web.Areas.ExtendManage.Controllers.BooksController 
4. 主机: WL00070355.active.local   Ip  : 10.110.12.27   浏览器: Chrome 55.0    
5. 异常: Index was out of range. Must be non-negative and less than the size of the collection.
Parameter name: index
-----------------------------------------------------------------------------------------------------------------------------
1. 调试: >> 操作时间: 2/6/2017 1:36:59 PM   操作人: System（超级管理员） 
2. 地址: /ExtendManage/Books/UploadFile    
3. 类名: LeaRun.Application.Web.Areas.ExtendManage.Controllers.BooksController 
4. 主机: WL00070355.active.local   Ip  : 10.110.12.27   浏览器: Chrome 55.0    
5. 异常: Index was out of range. Must be non-negative and less than the size of the collection.
Parameter name: index
-----------------------------------------------------------------------------------------------------------------------------
1. 调试: >> 操作时间: 2/6/2017 1:37:04 PM   操作人: System（超级管理员） 
2. 地址: /ExtendManage/Books/UploadFile    
3. 类名: LeaRun.Application.Web.Areas.ExtendManage.Controllers.BooksController 
4. 主机: WL00070355.active.local   Ip  : 10.110.12.27   浏览器: Chrome 55.0    
5. 异常: Index was out of range. Must be non-negative and less than the size of the collection.
Parameter name: index
-----------------------------------------------------------------------------------------------------------------------------
1. 调试: >> 操作时间: 2/6/2017 1:38:31 PM   操作人: System（超级管理员） 
2. 地址: /ExtendManage/Books/UploadFile    
3. 类名: LeaRun.Application.Web.Areas.ExtendManage.Controllers.BooksController 
4. 主机: WL00070355.active.local   Ip  : 10.110.12.27   浏览器: Chrome 55.0    
5. 异常: Index was out of range. Must be non-negative and less than the size of the collection.
Parameter name: index
-----------------------------------------------------------------------------------------------------------------------------
1. 调试: >> 操作时间: 2/6/2017 1:40:51 PM   操作人: System（超级管理员） 
2. 地址: /ExtendManage/Books/UploadFile    
3. 类名: LeaRun.Application.Web.Areas.ExtendManage.Controllers.BooksController 
4. 主机: WL00070355.active.local   Ip  : 10.110.12.27   浏览器: Chrome 55.0    
5. 异常: Index was out of range. Must be non-negative and less than the size of the collection.
Parameter name: index
-----------------------------------------------------------------------------------------------------------------------------
