1. 调试: >> 操作时间: 1/17/2017 11:31:46 PM   操作人: System（超级管理员） 
2. 地址: /Service/index.js.map    
3. 类名: LeaRun.Application.Web.Controllers.DefaultController 
4. 主机: WL00070355.active.local   Ip  : 192.168.1.7   浏览器: Chrome 55.0    
5. 异常: Object reference not set to an instance of an object.
-----------------------------------------------------------------------------------------------------------------------------
1. 调试: >> 操作时间: 1/17/2017 11:31:51 PM   操作人: System（超级管理员） 
2. 地址: /Service/index.js.map    
3. 类名: LeaRun.Application.Web.Controllers.DefaultController 
4. 主机: WL00070355.active.local   Ip  : 192.168.1.7   浏览器: Chrome 55.0    
5. 异常: Object reference not set to an instance of an object.
-----------------------------------------------------------------------------------------------------------------------------
1. 调试: >> 操作时间: 1/17/2017 11:37:17 PM   操作人: System（超级管理员） 
2. 地址: /Service/index.js.map    
3. 类名: LeaRun.Application.Web.Controllers.DefaultController 
4. 主机: WL00070355.active.local   Ip  : 192.168.1.7   浏览器: Chrome 55.0    
5. 异常: Object reference not set to an instance of an object.
-----------------------------------------------------------------------------------------------------------------------------
1. 调试: >> 操作时间: 1/17/2017 11:37:19 PM   操作人: System（超级管理员） 
2. 地址: /Service/index.js.map    
3. 类名: LeaRun.Application.Web.Controllers.DefaultController 
4. 主机: WL00070355.active.local   Ip  : 192.168.1.7   浏览器: Chrome 55.0    
5. 异常: Object reference not set to an instance of an object.
-----------------------------------------------------------------------------------------------------------------------------
1. 调试: >> 操作时间: 1/17/2017 11:38:11 PM   操作人: System（超级管理员） 
2. 地址: /Service/index.js.map    
3. 类名: LeaRun.Application.Web.Controllers.DefaultController 
4. 主机: WL00070355.active.local   Ip  : 192.168.1.7   浏览器: Chrome 55.0    
5. 异常: Object reference not set to an instance of an object.
-----------------------------------------------------------------------------------------------------------------------------
1. 调试: >> 操作时间: 1/17/2017 11:38:15 PM   操作人: System（超级管理员） 
2. 地址: /Service/index.js.map    
3. 类名: LeaRun.Application.Web.Controllers.DefaultController 
4. 主机: WL00070355.active.local   Ip  : 192.168.1.7   浏览器: Chrome 55.0    
5. 异常: Object reference not set to an instance of an object.
-----------------------------------------------------------------------------------------------------------------------------
1. 调试: >> 操作时间: 1/17/2017 11:38:29 PM   操作人: System（超级管理员） 
2. 地址: /Service/index.js.map    
3. 类名: LeaRun.Application.Web.Controllers.DefaultController 
4. 主机: WL00070355.active.local   Ip  : 192.168.1.7   浏览器: Chrome 55.0    
5. 异常: Object reference not set to an instance of an object.
-----------------------------------------------------------------------------------------------------------------------------
1. 调试: >> 操作时间: 1/17/2017 11:38:31 PM   操作人: System（超级管理员） 
2. 地址: /Service/index.js.map    
3. 类名: LeaRun.Application.Web.Controllers.DefaultController 
4. 主机: WL00070355.active.local   Ip  : 192.168.1.7   浏览器: Chrome 55.0    
5. 异常: Object reference not set to an instance of an object.
-----------------------------------------------------------------------------------------------------------------------------
1. 调试: >> 操作时间: 1/17/2017 11:38:33 PM   操作人: System（超级管理员） 
2. 地址: /Service/index.js.map    
3. 类名: LeaRun.Application.Web.Controllers.DefaultController 
4. 主机: WL00070355.active.local   Ip  : 192.168.1.7   浏览器: Chrome 55.0    
5. 异常: Object reference not set to an instance of an object.
-----------------------------------------------------------------------------------------------------------------------------
