1. 调试: >> 操作时间: 2/27/2017 11:45:49 AM   操作人: System（超级管理员） 
2. 地址: /ExtendManage/Customization/GetListJson?_search=false&nd=1488167149621&rows=20&page=1&sidx=&sord=asc    
3. 类名: LeaRun.Application.Web.Areas.ExtendManage.Controllers.CustomizationController 
4. 主机: WL00070355.active.local   Ip  : 127.0.0.1   浏览器: Chrome 56.0    
5. 异常: Object reference not set to an instance of an object.
-----------------------------------------------------------------------------------------------------------------------------
1. 调试: >> 操作时间: 2/27/2017 11:53:03 AM   操作人: System（超级管理员） 
2. 地址: /ExtendManage/Customization/GetListJson?_search=false&nd=1488167583904&rows=20&page=1&sidx=&sord=asc    
3. 类名: LeaRun.Application.Web.Areas.ExtendManage.Controllers.CustomizationController 
4. 主机: WL00070355.active.local   Ip  : 127.0.0.1   浏览器: Chrome 56.0    
5. 异常: Object reference not set to an instance of an object.
-----------------------------------------------------------------------------------------------------------------------------
1. 调试: >> 操作时间: 2/27/2017 11:55:53 AM   操作人: System（超级管理员） 
2. 地址: /ExtendManage/Customization/GetListJson?_search=false&nd=1488167748323&rows=20&page=1&sidx=&sord=asc    
3. 类名: LeaRun.Application.Web.Areas.ExtendManage.Controllers.CustomizationController 
4. 主机: WL00070355.active.local   Ip  : 127.0.0.1   浏览器: Chrome 56.0    
5. 异常: Object reference not set to an instance of an object.
-----------------------------------------------------------------------------------------------------------------------------
1. 调试: >> 操作时间: 2/27/2017 11:59:04 AM   操作人: System（超级管理员） 
2. 地址: /ExtendManage/Customization/GetListJson?_search=false&nd=1488167791701&rows=20&page=1&sidx=&sord=asc    
3. 类名: LeaRun.Application.Web.Areas.ExtendManage.Controllers.CustomizationController 
4. 主机: WL00070355.active.local   Ip  : 127.0.0.1   浏览器: Chrome 56.0    
5. 异常: Object reference not set to an instance of an object.
-----------------------------------------------------------------------------------------------------------------------------
1. 调试: >> 操作时间: 2/27/2017 12:00:47 PM   操作人: System（超级管理员） 
2. 地址: /ExtendManage/Customization/GetListJson?_search=false&nd=1488168047014&rows=20&page=1&sidx=&sord=asc    
3. 类名: LeaRun.Application.Web.Areas.ExtendManage.Controllers.CustomizationController 
4. 主机: WL00070355.active.local   Ip  : 127.0.0.1   浏览器: Chrome 56.0    
5. 异常: Object reference not set to an instance of an object.
-----------------------------------------------------------------------------------------------------------------------------
1. 调试: >> 操作时间: 2/27/2017 12:01:20 PM   操作人: System（超级管理员） 
2. 地址: /ExtendManage/Customization/GetListJson?_search=false&nd=1488168077260&rows=20&page=1&sidx=&sord=asc    
3. 类名: LeaRun.Application.Web.Areas.ExtendManage.Controllers.CustomizationController 
4. 主机: WL00070355.active.local   Ip  : 127.0.0.1   浏览器: Chrome 56.0    
5. 异常: Object reference not set to an instance of an object.
-----------------------------------------------------------------------------------------------------------------------------
1. 调试: >> 操作时间: 2/27/2017 12:06:46 PM   操作人: System（超级管理员） 
2. 地址: /ExtendManage/Customization/GetListJson?_search=false&nd=1488168405976&rows=20&page=1&sidx=&sord=asc    
3. 类名: LeaRun.Application.Web.Areas.ExtendManage.Controllers.CustomizationController 
4. 主机: WL00070355.active.local   Ip  : 127.0.0.1   浏览器: Chrome 56.0    
5. 异常: Object reference not set to an instance of an object.
-----------------------------------------------------------------------------------------------------------------------------
