1. 调试: >> 操作时间: 1/20/2017 12:53:02 AM   操作人: 122343716@qq.com（） 
2. 地址: /ExtendManage/Books/UploadFile    
3. 类名: LeaRun.Application.Web.Areas.ExtendManage.Controllers.BooksController 
4. 主机: WL00070355.active.local   Ip  : 192.168.1.7   浏览器: Chrome 55.0    
5. 异常: Index was out of range. Must be non-negative and less than the size of the collection.
Parameter name: index
-----------------------------------------------------------------------------------------------------------------------------
1. 调试: >> 操作时间: 1/20/2017 12:53:45 AM   操作人: 122343716@qq.com（） 
2. 地址: /ExtendManage/Books/UploadFile    
3. 类名: LeaRun.Application.Web.Areas.ExtendManage.Controllers.BooksController 
4. 主机: WL00070355.active.local   Ip  : 192.168.1.7   浏览器: Chrome 55.0    
5. 异常: Index was out of range. Must be non-negative and less than the size of the collection.
Parameter name: index
-----------------------------------------------------------------------------------------------------------------------------
1. 调试: >> 操作时间: 1/20/2017 12:55:15 AM   操作人: 122343716@qq.com（） 
2. 地址: /ExtendManage/Books/UploadFile    
3. 类名: LeaRun.Application.Web.Areas.ExtendManage.Controllers.BooksController 
4. 主机: WL00070355.active.local   Ip  : 192.168.1.7   浏览器: Chrome 55.0    
5. 异常: Index was out of range. Must be non-negative and less than the size of the collection.
Parameter name: index
-----------------------------------------------------------------------------------------------------------------------------
1. 调试: >> 操作时间: 1/20/2017 12:56:24 AM   操作人: 122343716@qq.com（） 
2. 地址: /ExtendManage/Books/UploadFile    
3. 类名: LeaRun.Application.Web.Areas.ExtendManage.Controllers.BooksController 
4. 主机: WL00070355.active.local   Ip  : 192.168.1.7   浏览器: Chrome 55.0    
5. 异常: Index was out of range. Must be non-negative and less than the size of the collection.
Parameter name: index
-----------------------------------------------------------------------------------------------------------------------------
