1. 调试: >> 操作时间: 12/29/2016 4:55:22 PM   操作人: System（超级管理员） 
2. 地址: /SystemManage/DataBaseLink/SaveForm?keyValue=    
3. 类名: LeaRun.Application.Web.Areas.SystemManage.Controllers.DataBaseLinkController 
4. 主机: WL00070355.active.local   Ip  : 10.110.12.27   浏览器: Chrome 55.0    
5. 异常: Format of the initialization string does not conform to specification starting at index 0.
-----------------------------------------------------------------------------------------------------------------------------
1. 调试: >> 操作时间: 12/29/2016 4:58:08 PM   操作人: System（超级管理员） 
2. 地址: /SystemManage/DataBaseTable/GetTableListJson?dataBaseLinkId=1&keyword=&_search=false&nd=1483001887906&rows=1000&page=1&sidx=&sord=asc    
3. 类名: LeaRun.Application.Web.Areas.SystemManage.Controllers.DataBaseTableController 
4. 主机: WL00070355.active.local   Ip  : 10.110.12.27   浏览器: Chrome 55.0    
5. 异常: Login failed for user 'sa'.
-----------------------------------------------------------------------------------------------------------------------------
1. 调试: >> 操作时间: 12/29/2016 5:15:21 PM   操作人: System（超级管理员） 
2. 地址: /SystemManage/DataBaseTable/GetTableListJson?dataBaseLinkId=1&keyword=&_search=false&nd=1483002921248&rows=1000&page=1&sidx=&sord=asc    
3. 类名: LeaRun.Application.Web.Areas.SystemManage.Controllers.DataBaseTableController 
4. 主机: WL00070355.active.local   Ip  : 10.110.12.27   浏览器: Chrome 55.0    
5. 异常: Login failed for user 'sa'.
-----------------------------------------------------------------------------------------------------------------------------
1. 调试: >> 操作时间: 12/29/2016 5:18:15 PM   操作人: System（超级管理员） 
2. 地址: /SystemManage/DataBaseTable/GetTableListJson?dataBaseLinkId=1&keyword=&_search=false&nd=1483002994640&rows=1000&page=1&sidx=&sord=asc    
3. 类名: LeaRun.Application.Web.Areas.SystemManage.Controllers.DataBaseTableController 
4. 主机: WL00070355.active.local   Ip  : 10.110.12.27   浏览器: Chrome 55.0    
5. 异常: Login failed for user 'sa'.
-----------------------------------------------------------------------------------------------------------------------------
1. 调试: >> 操作时间: 12/29/2016 11:05:27 PM   操作人: System（超级管理员） 
2. 地址: /SuggestionManage/Site_Sugge/Site_SuggeIndex    
3. 类名: LeaRun.Application.Web.Areas.SuggestionManage.Controllers.Site_SuggeController 
4. 主机: WL00070355.active.local   Ip  : 192.168.1.7   浏览器: Chrome 55.0    
5. 异常: e:\Code4Test\Pub\Framework\LeaRun.Application\LeaRun.Application.Web\Areas\SuggestionManage\Views\Site_Sugge\Site_SuggeIndex.cshtml(2): error CS0103: The name 'ViewBag' does not exist in the current context
-----------------------------------------------------------------------------------------------------------------------------
1. 调试: >> 操作时间: 12/29/2016 11:08:11 PM   操作人: System（超级管理员） 
2. 地址: /SuggestionManage/Site_Sugge/Site_SuggeIndex    
3. 类名: LeaRun.Application.Web.Areas.SuggestionManage.Controllers.Site_SuggeController 
4. 主机: WL00070355.active.local   Ip  : 192.168.1.7   浏览器: Chrome 55.0    
5. 异常: e:\Code4Test\Pub\Framework\LeaRun.Application\LeaRun.Application.Web\Areas\SuggestionManage\Views\Site_Sugge\Site_SuggeIndex.cshtml(2): error CS0103: The name 'ViewBag' does not exist in the current context
-----------------------------------------------------------------------------------------------------------------------------
1. 调试: >> 操作时间: 12/29/2016 11:13:34 PM   操作人: System（超级管理员） 
2. 地址: /SuggestionManage/Site_Sugge/GetPageListJson?_search=false&nd=1483024414873&rows=30&page=1&sidx=&sord=desc    
3. 类名: LeaRun.Application.Web.Areas.SuggestionManage.Controllers.Site_SuggeController 
4. 主机: WL00070355.active.local   Ip  : 192.168.1.7   浏览器: Chrome 55.0    
5. 异常: Object reference not set to an instance of an object.
-----------------------------------------------------------------------------------------------------------------------------
