1. 调试: >> 操作时间: 2/24/2017 12:02:57 AM   操作人: System（超级管理员） 
2. 地址: /News    
3. 类名: LeaRun.Application.Web.Controllers.DefaultController 
4. 主机: WL00070355.active.local   Ip  : 192.168.1.3   浏览器: Chrome 56.0    
5. 异常: e:\Code4Test\Pub\Framework\LeaRun.Application\LeaRun.Application.Web\Views\Default\News.cshtml(16): error CS1061: 'LeaRun.Application.Web.Controllers.HomeViewModel' does not contain a definition for 'DataItemList' and no extension method 'DataItemList' accepting a first argument of type 'LeaRun.Application.Web.Controllers.HomeViewModel' could be found (are you missing a using directive or an assembly reference?)
-----------------------------------------------------------------------------------------------------------------------------
1. 调试: >> 操作时间: 2/24/2017 12:42:20 AM   操作人: System（超级管理员） 
2. 地址: /MapCulture    
3. 类名: LeaRun.Application.Web.Controllers.DefaultController 
4. 主机: WL00070355.active.local   Ip  : 192.168.1.3   浏览器: Chrome 56.0    
5. 异常: Object reference not set to an instance of an object.
-----------------------------------------------------------------------------------------------------------------------------
1. 调试: >> 操作时间: 2/24/2017 12:43:31 AM   操作人: System（超级管理员） 
2. 地址: /MapCulture    
3. 类名: LeaRun.Application.Web.Controllers.DefaultController 
4. 主机: WL00070355.active.local   Ip  : 192.168.1.3   浏览器: Chrome 56.0    
5. 异常: Object reference not set to an instance of an object.
-----------------------------------------------------------------------------------------------------------------------------
1. 调试: >> 操作时间: 2/24/2017 12:43:34 AM   操作人: System（超级管理员） 
2. 地址: /MapCulture    
3. 类名: LeaRun.Application.Web.Controllers.DefaultController 
4. 主机: WL00070355.active.local   Ip  : 192.168.1.3   浏览器: Chrome 56.0    
5. 异常: Object reference not set to an instance of an object.
-----------------------------------------------------------------------------------------------------------------------------
1. 调试: >> 操作时间: 2/24/2017 12:44:08 AM   操作人: System（超级管理员） 
2. 地址: /MapCulture    
3. 类名: LeaRun.Application.Web.Controllers.DefaultController 
4. 主机: WL00070355.active.local   Ip  : 192.168.1.3   浏览器: Chrome 56.0    
5. 异常: Object reference not set to an instance of an object.
-----------------------------------------------------------------------------------------------------------------------------
1. 调试: >> 操作时间: 2/24/2017 12:44:32 AM   操作人: System（超级管理员） 
2. 地址: /MapCulture    
3. 类名: LeaRun.Application.Web.Controllers.DefaultController 
4. 主机: WL00070355.active.local   Ip  : 192.168.1.3   浏览器: Chrome 56.0    
5. 异常: Object reference not set to an instance of an object.
-----------------------------------------------------------------------------------------------------------------------------
1. 调试: >> 操作时间: 2/24/2017 12:46:00 AM   操作人: System（超级管理员） 
2. 地址: /MapCulture    
3. 类名: LeaRun.Application.Web.Controllers.DefaultController 
4. 主机: WL00070355.active.local   Ip  : 192.168.1.3   浏览器: Chrome 56.0    
5. 异常: Object reference not set to an instance of an object.
-----------------------------------------------------------------------------------------------------------------------------
1. 调试: >> 操作时间: 2/24/2017 12:49:24 AM   操作人: System（超级管理员） 
2. 地址: /MapCulture    
3. 类名: LeaRun.Application.Web.Controllers.DefaultController 
4. 主机: WL00070355.active.local   Ip  : 192.168.1.3   浏览器: Chrome 56.0    
5. 异常: Object reference not set to an instance of an object.
-----------------------------------------------------------------------------------------------------------------------------
1. 调试: >> 操作时间: 2/24/2017 12:49:57 AM   操作人: System（超级管理员） 
2. 地址: /News    
3. 类名: LeaRun.Application.Web.Controllers.DefaultController 
4. 主机: WL00070355.active.local   Ip  : 192.168.1.3   浏览器: Chrome 56.0    
5. 异常: e:\Code4Test\Pub\Framework\LeaRun.Application\LeaRun.Application.Web\Views\Default\News.cshtml(16): error CS1061: 'LeaRun.Application.Web.Controllers.HomeViewModel' does not contain a definition for 'DataItemList' and no extension method 'DataItemList' accepting a first argument of type 'LeaRun.Application.Web.Controllers.HomeViewModel' could be found (are you missing a using directive or an assembly reference?)
-----------------------------------------------------------------------------------------------------------------------------
1. 调试: >> 操作时间: 2/24/2017 1:04:03 AM   操作人: System（超级管理员） 
2. 地址: /Service/index.js.map    
3. 类名: LeaRun.Application.Web.Controllers.DefaultController 
4. 主机: WL00070355.active.local   Ip  : 192.168.1.3   浏览器: Chrome 56.0    
5. 异常: Object reference not set to an instance of an object.
-----------------------------------------------------------------------------------------------------------------------------
1. 调试: >> 操作时间: 2/24/2017 1:04:08 AM   操作人: System（超级管理员） 
2. 地址: /Service/index.js.map    
3. 类名: LeaRun.Application.Web.Controllers.DefaultController 
4. 主机: WL00070355.active.local   Ip  : 192.168.1.3   浏览器: Chrome 56.0    
5. 异常: Object reference not set to an instance of an object.
-----------------------------------------------------------------------------------------------------------------------------
1. 调试: >> 操作时间: 2/24/2017 1:06:18 AM   操作人: System（超级管理员） 
2. 地址: /AboutUs/index.js.map    
3. 类名: LeaRun.Application.Web.Controllers.DefaultController 
4. 主机: WL00070355.active.local   Ip  : 192.168.1.3   浏览器: Chrome 56.0    
5. 异常: Object reference not set to an instance of an object.
-----------------------------------------------------------------------------------------------------------------------------
1. 调试: >> 操作时间: 2/24/2017 1:06:27 AM   操作人: System（超级管理员） 
2. 地址: /AboutUs/index.js.map    
3. 类名: LeaRun.Application.Web.Controllers.DefaultController 
4. 主机: WL00070355.active.local   Ip  : 192.168.1.3   浏览器: Chrome 56.0    
5. 异常: Object reference not set to an instance of an object.
-----------------------------------------------------------------------------------------------------------------------------
1. 调试: >> 操作时间: 2/24/2017 1:06:31 AM   操作人: System（超级管理员） 
2. 地址: /Service/index.js.map    
3. 类名: LeaRun.Application.Web.Controllers.DefaultController 
4. 主机: WL00070355.active.local   Ip  : 192.168.1.3   浏览器: Chrome 56.0    
5. 异常: Object reference not set to an instance of an object.
-----------------------------------------------------------------------------------------------------------------------------
1. 调试: >> 操作时间: 2/24/2017 1:08:29 AM   操作人: System（超级管理员） 
2. 地址: /Service/index.js.map    
3. 类名: LeaRun.Application.Web.Controllers.DefaultController 
4. 主机: WL00070355.active.local   Ip  : 192.168.1.3   浏览器: Chrome 56.0    
5. 异常: Object reference not set to an instance of an object.
-----------------------------------------------------------------------------------------------------------------------------
1. 调试: >> 操作时间: 2/24/2017 1:08:36 AM   操作人: System（超级管理员） 
2. 地址: /Service/index.js.map    
3. 类名: LeaRun.Application.Web.Controllers.DefaultController 
4. 主机: WL00070355.active.local   Ip  : 192.168.1.3   浏览器: Chrome 56.0    
5. 异常: Object reference not set to an instance of an object.
-----------------------------------------------------------------------------------------------------------------------------
1. 调试: >> 操作时间: 2/24/2017 1:12:13 AM   操作人: System（超级管理员） 
2. 地址: /Service/index.js.map    
3. 类名: LeaRun.Application.Web.Controllers.DefaultController 
4. 主机: WL00070355.active.local   Ip  : 192.168.1.3   浏览器: Chrome 56.0    
5. 异常: Object reference not set to an instance of an object.
-----------------------------------------------------------------------------------------------------------------------------
