1. 调试: >> 操作时间: 1/19/2017 2:41:46 PM   操作人: 122343716@qq.com（） 
2. 地址: /MyAccount    
3. 类名: LeaRun.Application.Web.Controllers.DefaultController 
4. 主机: WL00070355.active.local   Ip  : 10.110.120.110   浏览器: Chrome 55.0    
5. 异常: Object reference not set to an instance of an object.
-----------------------------------------------------------------------------------------------------------------------------
1. 调试: >> 操作时间: 1/19/2017 2:54:00 PM   操作人: 122343716@qq.com（） 
2. 地址: /MyAccount    
3. 类名: LeaRun.Application.Web.Controllers.DefaultController 
4. 主机: WL00070355.active.local   Ip  : 10.110.120.110   浏览器: Chrome 55.0    
5. 异常: Object reference not set to an instance of an object.
-----------------------------------------------------------------------------------------------------------------------------
1. 调试: >> 操作时间: 1/19/2017 2:55:11 PM   操作人: 122343716@qq.com（） 
2. 地址: /MyAccount    
3. 类名: LeaRun.Application.Web.Controllers.DefaultController 
4. 主机: WL00070355.active.local   Ip  : 10.110.120.110   浏览器: Chrome 55.0    
5. 异常: Object reference not set to an instance of an object.
-----------------------------------------------------------------------------------------------------------------------------
1. 调试: >> 操作时间: 1/19/2017 3:16:59 PM   操作人: 122343716@qq.com（） 
2. 地址: /ExtendManage/Customer/SaveForm?keyValue=cc0b9015-7f48-47c6-9202-c880ba751e72    
3. 类名: LeaRun.Application.Web.Areas.ExtendManage.Controllers.CustomerController 
4. 主机: WL00070355.active.local   Ip  : 10.110.120.110   浏览器: Chrome 55.0    
5. 异常: The required anti-forgery cookie "__RequestVerificationToken" is not present.
-----------------------------------------------------------------------------------------------------------------------------
1. 调试: >> 操作时间: 1/19/2017 3:23:59 PM   操作人: 122343716@qq.com（） 
2. 地址: /ExtendManage/Customer/SaveForm?keyValue=cc0b9015-7f48-47c6-9202-c880ba751e72    
3. 类名: LeaRun.Application.Web.Areas.ExtendManage.Controllers.CustomerController 
4. 主机: WL00070355.active.local   Ip  : 10.110.120.110   浏览器: Chrome 55.0    
5. 异常: The required anti-forgery cookie "__RequestVerificationToken" is not present.
-----------------------------------------------------------------------------------------------------------------------------
1. 调试: >> 操作时间: 1/19/2017 10:38:52 PM   操作人: 122343716@qq.com（） 
2. 地址: /Pbook/index.js.map    
3. 类名: LeaRun.Application.Web.Controllers.DefaultController 
4. 主机: WL00070355.active.local   Ip  : 192.168.1.7   浏览器: Chrome 55.0    
5. 异常: Object reference not set to an instance of an object.
-----------------------------------------------------------------------------------------------------------------------------
1. 调试: >> 操作时间: 1/19/2017 10:41:16 PM   操作人: 122343716@qq.com（） 
2. 地址: /Pbook/index.js.map    
3. 类名: LeaRun.Application.Web.Controllers.DefaultController 
4. 主机: WL00070355.active.local   Ip  : 192.168.1.7   浏览器: Chrome 55.0    
5. 异常: Object reference not set to an instance of an object.
-----------------------------------------------------------------------------------------------------------------------------
1. 调试: >> 操作时间: 1/19/2017 10:45:08 PM   操作人: 122343716@qq.com（） 
2. 地址: /Pbook/index.js.map    
3. 类名: LeaRun.Application.Web.Controllers.DefaultController 
4. 主机: WL00070355.active.local   Ip  : 192.168.1.7   浏览器: Chrome 55.0    
5. 异常: Object reference not set to an instance of an object.
-----------------------------------------------------------------------------------------------------------------------------
1. 调试: >> 操作时间: 1/19/2017 10:52:04 PM   操作人: 122343716@qq.com（） 
2. 地址: /Pbook/index.js.map    
3. 类名: LeaRun.Application.Web.Controllers.DefaultController 
4. 主机: WL00070355.active.local   Ip  : 192.168.1.7   浏览器: Chrome 55.0    
5. 异常: Object reference not set to an instance of an object.
-----------------------------------------------------------------------------------------------------------------------------
1. 调试: >> 操作时间: 1/19/2017 10:52:13 PM   操作人: 122343716@qq.com（） 
2. 地址: /Pbook/index.js.map    
3. 类名: LeaRun.Application.Web.Controllers.DefaultController 
4. 主机: WL00070355.active.local   Ip  : 192.168.1.7   浏览器: Chrome 55.0    
5. 异常: Object reference not set to an instance of an object.
-----------------------------------------------------------------------------------------------------------------------------
1. 调试: >> 操作时间: 1/19/2017 10:53:01 PM   操作人: 122343716@qq.com（） 
2. 地址: /Pbook/index.js.map    
3. 类名: LeaRun.Application.Web.Controllers.DefaultController 
4. 主机: WL00070355.active.local   Ip  : 192.168.1.7   浏览器: Chrome 55.0    
5. 异常: Object reference not set to an instance of an object.
-----------------------------------------------------------------------------------------------------------------------------
1. 调试: >> 操作时间: 1/19/2017 10:54:02 PM   操作人: 122343716@qq.com（） 
2. 地址: /Pbook/index.js.map    
3. 类名: LeaRun.Application.Web.Controllers.DefaultController 
4. 主机: WL00070355.active.local   Ip  : 192.168.1.7   浏览器: Chrome 55.0    
5. 异常: Object reference not set to an instance of an object.
-----------------------------------------------------------------------------------------------------------------------------
1. 调试: >> 操作时间: 1/19/2017 10:58:06 PM   操作人: 122343716@qq.com（） 
2. 地址: /Pbook/index.js.map    
3. 类名: LeaRun.Application.Web.Controllers.DefaultController 
4. 主机: WL00070355.active.local   Ip  : 192.168.1.7   浏览器: Chrome 55.0    
5. 异常: Object reference not set to an instance of an object.
-----------------------------------------------------------------------------------------------------------------------------
1. 调试: >> 操作时间: 1/19/2017 10:58:12 PM   操作人: 122343716@qq.com（） 
2. 地址: /Pbook/index.js.map    
3. 类名: LeaRun.Application.Web.Controllers.DefaultController 
4. 主机: WL00070355.active.local   Ip  : 192.168.1.7   浏览器: Chrome 55.0    
5. 异常: Object reference not set to an instance of an object.
-----------------------------------------------------------------------------------------------------------------------------
1. 调试: >> 操作时间: 1/19/2017 10:58:13 PM   操作人: 122343716@qq.com（） 
2. 地址: /Pbook/index.js.map    
3. 类名: LeaRun.Application.Web.Controllers.DefaultController 
4. 主机: WL00070355.active.local   Ip  : 192.168.1.7   浏览器: Chrome 55.0    
5. 异常: Object reference not set to an instance of an object.
-----------------------------------------------------------------------------------------------------------------------------
1. 调试: >> 操作时间: 1/19/2017 11:00:52 PM   操作人: 122343716@qq.com（） 
2. 地址: /Pbook/index.js.map    
3. 类名: LeaRun.Application.Web.Controllers.DefaultController 
4. 主机: WL00070355.active.local   Ip  : 192.168.1.7   浏览器: Safari 9.0    
5. 异常: Object reference not set to an instance of an object.
-----------------------------------------------------------------------------------------------------------------------------
1. 调试: >> 操作时间: 1/19/2017 11:01:35 PM   操作人: 122343716@qq.com（） 
2. 地址: /Pbook/index.js.map    
3. 类名: LeaRun.Application.Web.Controllers.DefaultController 
4. 主机: WL00070355.active.local   Ip  : 192.168.1.7   浏览器: Safari 9.0    
5. 异常: Object reference not set to an instance of an object.
-----------------------------------------------------------------------------------------------------------------------------
1. 调试: >> 操作时间: 1/19/2017 11:01:46 PM   操作人: 122343716@qq.com（） 
2. 地址: /Pbook/index.js.map    
3. 类名: LeaRun.Application.Web.Controllers.DefaultController 
4. 主机: WL00070355.active.local   Ip  : 192.168.1.7   浏览器: Safari 9.0    
5. 异常: Object reference not set to an instance of an object.
-----------------------------------------------------------------------------------------------------------------------------
1. 调试: >> 操作时间: 1/19/2017 11:02:09 PM   操作人: 122343716@qq.com（） 
2. 地址: /Pbook/index.js.map    
3. 类名: LeaRun.Application.Web.Controllers.DefaultController 
4. 主机: WL00070355.active.local   Ip  : 192.168.1.7   浏览器: Chrome 55.0    
5. 异常: Object reference not set to an instance of an object.
-----------------------------------------------------------------------------------------------------------------------------
1. 调试: >> 操作时间: 1/19/2017 11:02:21 PM   操作人: 122343716@qq.com（） 
2. 地址: /Pbook/index.js.map    
3. 类名: LeaRun.Application.Web.Controllers.DefaultController 
4. 主机: WL00070355.active.local   Ip  : 192.168.1.7   浏览器: Chrome 55.0    
5. 异常: Object reference not set to an instance of an object.
-----------------------------------------------------------------------------------------------------------------------------
1. 调试: >> 操作时间: 1/19/2017 11:02:30 PM   操作人: 122343716@qq.com（） 
2. 地址: /Pbook/index.js.map    
3. 类名: LeaRun.Application.Web.Controllers.DefaultController 
4. 主机: WL00070355.active.local   Ip  : 192.168.1.7   浏览器: Chrome 55.0    
5. 异常: Object reference not set to an instance of an object.
-----------------------------------------------------------------------------------------------------------------------------
1. 调试: >> 操作时间: 1/19/2017 11:03:04 PM   操作人: 122343716@qq.com（） 
2. 地址: /Pbook/index.js.map    
3. 类名: LeaRun.Application.Web.Controllers.DefaultController 
4. 主机: WL00070355.active.local   Ip  : 192.168.1.7   浏览器: Safari 9.0    
5. 异常: Object reference not set to an instance of an object.
-----------------------------------------------------------------------------------------------------------------------------
1. 调试: >> 操作时间: 1/19/2017 11:04:16 PM   操作人: 122343716@qq.com（） 
2. 地址: /Pbook/index.js.map    
3. 类名: LeaRun.Application.Web.Controllers.DefaultController 
4. 主机: WL00070355.active.local   Ip  : 192.168.1.7   浏览器: Chrome 55.0    
5. 异常: Object reference not set to an instance of an object.
-----------------------------------------------------------------------------------------------------------------------------
1. 调试: >> 操作时间: 1/19/2017 11:05:03 PM   操作人: 122343716@qq.com（） 
2. 地址: /Pbook/index.js.map    
3. 类名: LeaRun.Application.Web.Controllers.DefaultController 
4. 主机: WL00070355.active.local   Ip  : 192.168.1.7   浏览器: Chrome 55.0    
5. 异常: Object reference not set to an instance of an object.
-----------------------------------------------------------------------------------------------------------------------------
1. 调试: >> 操作时间: 1/19/2017 11:05:29 PM   操作人: 122343716@qq.com（） 
2. 地址: /Pbook/www.baidu.com    
3. 类名: LeaRun.Application.Web.Controllers.DefaultController 
4. 主机: WL00070355.active.local   Ip  : 192.168.1.7   浏览器: Chrome 55.0    
5. 异常: Object reference not set to an instance of an object.
-----------------------------------------------------------------------------------------------------------------------------
1. 调试: >> 操作时间: 1/19/2017 11:06:31 PM   操作人: 122343716@qq.com（） 
2. 地址: /Pbook/index.js.map    
3. 类名: LeaRun.Application.Web.Controllers.DefaultController 
4. 主机: WL00070355.active.local   Ip  : 192.168.1.7   浏览器: Chrome 55.0    
5. 异常: Object reference not set to an instance of an object.
-----------------------------------------------------------------------------------------------------------------------------
1. 调试: >> 操作时间: 1/19/2017 11:31:11 PM   操作人: 122343716@qq.com（） 
2. 地址: /Pbook/index.js.map    
3. 类名: LeaRun.Application.Web.Controllers.DefaultController 
4. 主机: WL00070355.active.local   Ip  : 192.168.1.7   浏览器: Chrome 55.0    
5. 异常: Object reference not set to an instance of an object.
-----------------------------------------------------------------------------------------------------------------------------
