1. 调试: >> 操作时间: 3/1/2017 12:05:21 AM   操作人: System（超级管理员） 
2. 地址: /ebook/index.js.map    
3. 类名: LeaRun.Application.Web.Controllers.DefaultController 
4. 主机: WL00070355.active.local   Ip  : 192.168.1.3   浏览器: Chrome 56.0    
5. 异常: Object reference not set to an instance of an object.
-----------------------------------------------------------------------------------------------------------------------------
1. 调试: >> 操作时间: 3/1/2017 12:06:25 AM   操作人: System（超级管理员） 
2. 地址: /ebook/index.js.map    
3. 类名: LeaRun.Application.Web.Controllers.DefaultController 
4. 主机: WL00070355.active.local   Ip  : 192.168.1.3   浏览器: Chrome 56.0    
5. 异常: Object reference not set to an instance of an object.
-----------------------------------------------------------------------------------------------------------------------------
1. 调试: >> 操作时间: 3/1/2017 12:07:10 AM   操作人: System（超级管理员） 
2. 地址: /ebook/index.js.map    
3. 类名: LeaRun.Application.Web.Controllers.DefaultController 
4. 主机: WL00070355.active.local   Ip  : 192.168.1.3   浏览器: Chrome 56.0    
5. 异常: Object reference not set to an instance of an object.
-----------------------------------------------------------------------------------------------------------------------------
1. 调试: >> 操作时间: 3/1/2017 12:16:00 AM   操作人: System（超级管理员） 
2. 地址: /ebook/index.js.map    
3. 类名: LeaRun.Application.Web.Controllers.DefaultController 
4. 主机: WL00070355.active.local   Ip  : 192.168.1.3   浏览器: Chrome 56.0    
5. 异常: Object reference not set to an instance of an object.
-----------------------------------------------------------------------------------------------------------------------------
1. 调试: >> 操作时间: 3/1/2017 12:16:21 AM   操作人: System（超级管理员） 
2. 地址: /ebook/index.js.map    
3. 类名: LeaRun.Application.Web.Controllers.DefaultController 
4. 主机: WL00070355.active.local   Ip  : 192.168.1.3   浏览器: Chrome 56.0    
5. 异常: Object reference not set to an instance of an object.
-----------------------------------------------------------------------------------------------------------------------------
1. 调试: >> 操作时间: 3/1/2017 12:17:17 AM   操作人: System（超级管理员） 
2. 地址: /ebook/index.js.map    
3. 类名: LeaRun.Application.Web.Controllers.DefaultController 
4. 主机: WL00070355.active.local   Ip  : 192.168.1.3   浏览器: Chrome 56.0    
5. 异常: Object reference not set to an instance of an object.
-----------------------------------------------------------------------------------------------------------------------------
1. 调试: >> 操作时间: 3/1/2017 12:18:43 AM   操作人: System（超级管理员） 
2. 地址: /ebook/index.js.map    
3. 类名: LeaRun.Application.Web.Controllers.DefaultController 
4. 主机: WL00070355.active.local   Ip  : 192.168.1.3   浏览器: Chrome 56.0    
5. 异常: Object reference not set to an instance of an object.
-----------------------------------------------------------------------------------------------------------------------------
1. 调试: >> 操作时间: 3/1/2017 12:20:18 AM   操作人: System（超级管理员） 
2. 地址: /ebook/index.js.map    
3. 类名: LeaRun.Application.Web.Controllers.DefaultController 
4. 主机: WL00070355.active.local   Ip  : 192.168.1.3   浏览器: Chrome 56.0    
5. 异常: Object reference not set to an instance of an object.
-----------------------------------------------------------------------------------------------------------------------------
1. 调试: >> 操作时间: 3/1/2017 12:20:21 AM   操作人: System（超级管理员） 
2. 地址: /ebook/index.js.map    
3. 类名: LeaRun.Application.Web.Controllers.DefaultController 
4. 主机: WL00070355.active.local   Ip  : 192.168.1.3   浏览器: Chrome 56.0    
5. 异常: Object reference not set to an instance of an object.
-----------------------------------------------------------------------------------------------------------------------------
1. 调试: >> 操作时间: 3/1/2017 12:20:40 AM   操作人: System（超级管理员） 
2. 地址: /ebook/index.js.map    
3. 类名: LeaRun.Application.Web.Controllers.DefaultController 
4. 主机: WL00070355.active.local   Ip  : 192.168.1.3   浏览器: Chrome 56.0    
5. 异常: Object reference not set to an instance of an object.
-----------------------------------------------------------------------------------------------------------------------------
1. 调试: >> 操作时间: 3/1/2017 12:21:26 AM   操作人: System（超级管理员） 
2. 地址: /ebook/index.js.map    
3. 类名: LeaRun.Application.Web.Controllers.DefaultController 
4. 主机: WL00070355.active.local   Ip  : 192.168.1.3   浏览器: Chrome 56.0    
5. 异常: Object reference not set to an instance of an object.
-----------------------------------------------------------------------------------------------------------------------------
1. 调试: >> 操作时间: 3/1/2017 12:21:48 AM   操作人: System（超级管理员） 
2. 地址: /ebook/index.js.map    
3. 类名: LeaRun.Application.Web.Controllers.DefaultController 
4. 主机: WL00070355.active.local   Ip  : 192.168.1.3   浏览器: Chrome 56.0    
5. 异常: Object reference not set to an instance of an object.
-----------------------------------------------------------------------------------------------------------------------------
1. 调试: >> 操作时间: 3/1/2017 12:22:20 AM   操作人: System（超级管理员） 
2. 地址: /ebook/index.js.map    
3. 类名: LeaRun.Application.Web.Controllers.DefaultController 
4. 主机: WL00070355.active.local   Ip  : 192.168.1.3   浏览器: Chrome 56.0    
5. 异常: Object reference not set to an instance of an object.
-----------------------------------------------------------------------------------------------------------------------------
1. 调试: >> 操作时间: 3/1/2017 12:28:53 AM   操作人: System（超级管理员） 
2. 地址: /ebook/index.js.map    
3. 类名: LeaRun.Application.Web.Controllers.DefaultController 
4. 主机: WL00070355.active.local   Ip  : 192.168.1.3   浏览器: Chrome 56.0    
5. 异常: Object reference not set to an instance of an object.
-----------------------------------------------------------------------------------------------------------------------------
1. 调试: >> 操作时间: 3/1/2017 12:29:30 AM   操作人: System（超级管理员） 
2. 地址: /ebook/index.js.map    
3. 类名: LeaRun.Application.Web.Controllers.DefaultController 
4. 主机: WL00070355.active.local   Ip  : 192.168.1.3   浏览器: Chrome 56.0    
5. 异常: Object reference not set to an instance of an object.
-----------------------------------------------------------------------------------------------------------------------------
1. 调试: >> 操作时间: 3/1/2017 12:31:21 AM   操作人: System（超级管理员） 
2. 地址: /ebook/index.js.map    
3. 类名: LeaRun.Application.Web.Controllers.DefaultController 
4. 主机: WL00070355.active.local   Ip  : 192.168.1.3   浏览器: Chrome 56.0    
5. 异常: Object reference not set to an instance of an object.
-----------------------------------------------------------------------------------------------------------------------------
1. 调试: >> 操作时间: 3/1/2017 12:31:47 AM   操作人: System（超级管理员） 
2. 地址: /ebook/index.js.map    
3. 类名: LeaRun.Application.Web.Controllers.DefaultController 
4. 主机: WL00070355.active.local   Ip  : 192.168.1.3   浏览器: Chrome 56.0    
5. 异常: Object reference not set to an instance of an object.
-----------------------------------------------------------------------------------------------------------------------------
1. 调试: >> 操作时间: 3/1/2017 12:32:28 AM   操作人: System（超级管理员） 
2. 地址: /ebook/index.js.map    
3. 类名: LeaRun.Application.Web.Controllers.DefaultController 
4. 主机: WL00070355.active.local   Ip  : 192.168.1.3   浏览器: Chrome 56.0    
5. 异常: Object reference not set to an instance of an object.
-----------------------------------------------------------------------------------------------------------------------------
1. 调试: >> 操作时间: 3/1/2017 12:41:14 AM   操作人: System（超级管理员） 
2. 地址: /ebook/index.js.map    
3. 类名: LeaRun.Application.Web.Controllers.DefaultController 
4. 主机: WL00070355.active.local   Ip  : 192.168.1.3   浏览器: Chrome 56.0    
5. 异常: Object reference not set to an instance of an object.
-----------------------------------------------------------------------------------------------------------------------------
1. 调试: >> 操作时间: 3/1/2017 12:41:33 AM   操作人: System（超级管理员） 
2. 地址: /ebook/index.js.map    
3. 类名: LeaRun.Application.Web.Controllers.DefaultController 
4. 主机: WL00070355.active.local   Ip  : 192.168.1.3   浏览器: Safari 9.0    
5. 异常: Object reference not set to an instance of an object.
-----------------------------------------------------------------------------------------------------------------------------
1. 调试: >> 操作时间: 3/1/2017 12:41:57 AM   操作人: System（超级管理员） 
2. 地址: /ebook/index.js.map    
3. 类名: LeaRun.Application.Web.Controllers.DefaultController 
4. 主机: WL00070355.active.local   Ip  : 192.168.1.3   浏览器: Safari 9.0    
5. 异常: Object reference not set to an instance of an object.
-----------------------------------------------------------------------------------------------------------------------------
1. 调试: >> 操作时间: 3/1/2017 12:42:11 AM   操作人: System（超级管理员） 
2. 地址: /ebook/index.js.map    
3. 类名: LeaRun.Application.Web.Controllers.DefaultController 
4. 主机: WL00070355.active.local   Ip  : 192.168.1.3   浏览器: Chrome 56.0    
5. 异常: Object reference not set to an instance of an object.
-----------------------------------------------------------------------------------------------------------------------------
1. 调试: >> 操作时间: 3/1/2017 12:49:47 AM   操作人: System（超级管理员） 
2. 地址: /ebook/index.js.map    
3. 类名: LeaRun.Application.Web.Controllers.DefaultController 
4. 主机: WL00070355.active.local   Ip  : 192.168.1.3   浏览器: Chrome 56.0    
5. 异常: Object reference not set to an instance of an object.
-----------------------------------------------------------------------------------------------------------------------------
1. 调试: >> 操作时间: 3/1/2017 12:52:08 AM   操作人: System（超级管理员） 
2. 地址: /ebook/index.js.map    
3. 类名: LeaRun.Application.Web.Controllers.DefaultController 
4. 主机: WL00070355.active.local   Ip  : 192.168.1.3   浏览器: Chrome 56.0    
5. 异常: Object reference not set to an instance of an object.
-----------------------------------------------------------------------------------------------------------------------------
1. 调试: >> 操作时间: 3/1/2017 12:53:21 AM   操作人: System（超级管理员） 
2. 地址: /ebook/index.js.map    
3. 类名: LeaRun.Application.Web.Controllers.DefaultController 
4. 主机: WL00070355.active.local   Ip  : 192.168.1.3   浏览器: Chrome 56.0    
5. 异常: Object reference not set to an instance of an object.
-----------------------------------------------------------------------------------------------------------------------------
1. 调试: >> 操作时间: 3/1/2017 12:56:39 AM   操作人: System（超级管理员） 
2. 地址: /ebook/index.js.map    
3. 类名: LeaRun.Application.Web.Controllers.DefaultController 
4. 主机: WL00070355.active.local   Ip  : 192.168.1.3   浏览器: Chrome 56.0    
5. 异常: Object reference not set to an instance of an object.
-----------------------------------------------------------------------------------------------------------------------------
1. 调试: >> 操作时间: 3/1/2017 12:58:08 AM   操作人: System（超级管理员） 
2. 地址: /ebook/index.js.map    
3. 类名: LeaRun.Application.Web.Controllers.DefaultController 
4. 主机: WL00070355.active.local   Ip  : 192.168.1.3   浏览器: Chrome 56.0    
5. 异常: Object reference not set to an instance of an object.
-----------------------------------------------------------------------------------------------------------------------------
1. 调试: >> 操作时间: 3/1/2017 1:02:36 AM   操作人: System（超级管理员） 
2. 地址: /ebook/index.js.map    
3. 类名: LeaRun.Application.Web.Controllers.DefaultController 
4. 主机: WL00070355.active.local   Ip  : 192.168.1.3   浏览器: Chrome 56.0    
5. 异常: Object reference not set to an instance of an object.
-----------------------------------------------------------------------------------------------------------------------------
1. 调试: >> 操作时间: 3/1/2017 1:02:53 AM   操作人: System（超级管理员） 
2. 地址: /ebook/index.js.map    
3. 类名: LeaRun.Application.Web.Controllers.DefaultController 
4. 主机: WL00070355.active.local   Ip  : 192.168.1.3   浏览器: Chrome 56.0    
5. 异常: Object reference not set to an instance of an object.
-----------------------------------------------------------------------------------------------------------------------------
1. 调试: >> 操作时间: 3/1/2017 1:03:59 AM   操作人: System（超级管理员） 
2. 地址: /ebook/index.js.map    
3. 类名: LeaRun.Application.Web.Controllers.DefaultController 
4. 主机: WL00070355.active.local   Ip  : 192.168.1.3   浏览器: Chrome 56.0    
5. 异常: Object reference not set to an instance of an object.
-----------------------------------------------------------------------------------------------------------------------------
1. 调试: >> 操作时间: 3/1/2017 1:05:01 AM   操作人: System（超级管理员） 
2. 地址: /ebook/index.js.map    
3. 类名: LeaRun.Application.Web.Controllers.DefaultController 
4. 主机: WL00070355.active.local   Ip  : 192.168.1.3   浏览器: Chrome 56.0    
5. 异常: Object reference not set to an instance of an object.
-----------------------------------------------------------------------------------------------------------------------------
1. 调试: >> 操作时间: 3/1/2017 1:06:13 AM   操作人: System（超级管理员） 
2. 地址: /ebook/index.js.map    
3. 类名: LeaRun.Application.Web.Controllers.DefaultController 
4. 主机: WL00070355.active.local   Ip  : 192.168.1.3   浏览器: Chrome 56.0    
5. 异常: Object reference not set to an instance of an object.
-----------------------------------------------------------------------------------------------------------------------------
1. 调试: >> 操作时间: 3/1/2017 1:08:05 AM   操作人: System（超级管理员） 
2. 地址: /ebook/index.js.map    
3. 类名: LeaRun.Application.Web.Controllers.DefaultController 
4. 主机: WL00070355.active.local   Ip  : 192.168.1.3   浏览器: Chrome 56.0    
5. 异常: Object reference not set to an instance of an object.
-----------------------------------------------------------------------------------------------------------------------------
1. 调试: >> 操作时间: 3/1/2017 1:11:04 AM   操作人: System（超级管理员） 
2. 地址: /ebook/index.js.map    
3. 类名: LeaRun.Application.Web.Controllers.DefaultController 
4. 主机: WL00070355.active.local   Ip  : 192.168.1.3   浏览器: Chrome 56.0    
5. 异常: Object reference not set to an instance of an object.
-----------------------------------------------------------------------------------------------------------------------------
1. 调试: >> 操作时间: 3/1/2017 1:12:02 AM   操作人: System（超级管理员） 
2. 地址: /ebook/index.js.map    
3. 类名: LeaRun.Application.Web.Controllers.DefaultController 
4. 主机: WL00070355.active.local   Ip  : 192.168.1.3   浏览器: Chrome 56.0    
5. 异常: Object reference not set to an instance of an object.
-----------------------------------------------------------------------------------------------------------------------------
1. 调试: >> 操作时间: 3/1/2017 1:14:20 AM   操作人: System（超级管理员） 
2. 地址: /ebook/index.js.map    
3. 类名: LeaRun.Application.Web.Controllers.DefaultController 
4. 主机: WL00070355.active.local   Ip  : 192.168.1.3   浏览器: Chrome 56.0    
5. 异常: Object reference not set to an instance of an object.
-----------------------------------------------------------------------------------------------------------------------------
1. 调试: >> 操作时间: 3/1/2017 1:16:15 AM   操作人: System（超级管理员） 
2. 地址: /ebook/index.js.map    
3. 类名: LeaRun.Application.Web.Controllers.DefaultController 
4. 主机: WL00070355.active.local   Ip  : 192.168.1.3   浏览器: Chrome 56.0    
5. 异常: Object reference not set to an instance of an object.
-----------------------------------------------------------------------------------------------------------------------------
1. 调试: >> 操作时间: 3/1/2017 1:34:08 AM   操作人: System（超级管理员） 
2. 地址: /ebook/index.js.map    
3. 类名: LeaRun.Application.Web.Controllers.DefaultController 
4. 主机: WL00070355.active.local   Ip  : 192.168.1.3   浏览器: Chrome 56.0    
5. 异常: Object reference not set to an instance of an object.
-----------------------------------------------------------------------------------------------------------------------------
1. 调试: >> 操作时间: 3/1/2017 1:34:36 AM   操作人: System（超级管理员） 
2. 地址: /ebook/index.js.map    
3. 类名: LeaRun.Application.Web.Controllers.DefaultController 
4. 主机: WL00070355.active.local   Ip  : 192.168.1.3   浏览器: Chrome 56.0    
5. 异常: Object reference not set to an instance of an object.
-----------------------------------------------------------------------------------------------------------------------------
1. 调试: >> 操作时间: 3/1/2017 1:42:52 AM   操作人: System（超级管理员） 
2. 地址: /ebook/index.js.map    
3. 类名: LeaRun.Application.Web.Controllers.DefaultController 
4. 主机: WL00070355.active.local   Ip  : 192.168.1.3   浏览器: Chrome 56.0    
5. 异常: Object reference not set to an instance of an object.
-----------------------------------------------------------------------------------------------------------------------------
1. 调试: >> 操作时间: 3/1/2017 1:54:59 AM   操作人: System（超级管理员） 
2. 地址: /ebook/1f9348a6-47b9-4114-85f2-2d5e2493af6s    
3. 类名: LeaRun.Application.Web.Controllers.DefaultController 
4. 主机: WL00070355.active.local   Ip  : 192.168.1.3   浏览器: Chrome 56.0    
5. 异常: Object reference not set to an instance of an object.
-----------------------------------------------------------------------------------------------------------------------------
