1. 调试: >> 操作时间: 12/30/2016 12:17:20 AM   操作人: System（超级管理员） 
2. 地址: /AuthorizeManage/PermissionRole/GetDepartmentTreeJson?roleId=58b2574d-4db2-4bf0-9e18-8758bec59170    
3. 类名: LeaRun.Application.Web.Areas.AuthorizeManage.Controllers.PermissionRoleController 
4. 主机: WL00070355.active.local   Ip  : 192.168.1.7   浏览器: Chrome 55.0    
5. 异常: Object reference not set to an instance of an object.
-----------------------------------------------------------------------------------------------------------------------------
1. 调试: >> 操作时间: 12/30/2016 12:19:42 AM   操作人: System（超级管理员） 
2. 地址: /AuthorizeManage/PermissionRole/GetDepartmentTreeJson?roleId=58b2574d-4db2-4bf0-9e18-8758bec59170    
3. 类名: LeaRun.Application.Web.Areas.AuthorizeManage.Controllers.PermissionRoleController 
4. 主机: WL00070355.active.local   Ip  : 192.168.1.7   浏览器: Chrome 55.0    
5. 异常: Object reference not set to an instance of an object.
-----------------------------------------------------------------------------------------------------------------------------
1. 调试: >> 操作时间: 12/30/2016 12:19:49 AM   操作人: System（超级管理员） 
2. 地址: /AuthorizeManage/PermissionRole/GetDepartmentTreeJson?roleId=58b2574d-4db2-4bf0-9e18-8758bec59170    
3. 类名: LeaRun.Application.Web.Areas.AuthorizeManage.Controllers.PermissionRoleController 
4. 主机: WL00070355.active.local   Ip  : 192.168.1.7   浏览器: Chrome 55.0    
5. 异常: Object reference not set to an instance of an object.
-----------------------------------------------------------------------------------------------------------------------------
1. 调试: >> 操作时间: 12/30/2016 1:49:20 PM   操作人: System（超级管理员） 
2. 地址: /AuthorizeManage/PermissionRole/GetDepartmentTreeJson?roleId=af5313d0-5ee6-4c5f-a03f-a755d2ef345f    
3. 类名: LeaRun.Application.Web.Areas.AuthorizeManage.Controllers.PermissionRoleController 
4. 主机: WL00070355.active.local   Ip  : 10.110.12.27   浏览器: Chrome 55.0    
5. 异常: Object reference not set to an instance of an object.
-----------------------------------------------------------------------------------------------------------------------------
1. 调试: >> 操作时间: 12/30/2016 2:25:52 PM   操作人: System（超级管理员） 
2. 地址: /AuthorizeManage/PermissionRole/GetDepartmentTreeJson?roleId=af5313d0-5ee6-4c5f-a03f-a755d2ef345f    
3. 类名: LeaRun.Application.Web.Areas.AuthorizeManage.Controllers.PermissionRoleController 
4. 主机: WL00070355.active.local   Ip  : 10.110.12.27   浏览器: Chrome 55.0    
5. 异常: Object reference not set to an instance of an object.
-----------------------------------------------------------------------------------------------------------------------------
